C51 COMPILER V9.60.0.0   FF_MS1                                                            04/13/2021 15:25:00 PAGE 1   


C51 COMPILER V9.60.0.0, COMPILATION OF MODULE FF_MS1
OBJECT MODULE PLACED IN .\Objects\FF-MS1.obj
COMPILER INVOKED BY: C:\Keil_v5\C51\BIN\C51.EXE FF-MS1.c OPTIMIZE(8,SPEED) BROWSE DEBUG OBJECTEXTEND PRINT(.\Listings\FF
                    --MS1.lst) TABS(2) OBJECT(.\Objects\FF-MS1.obj)

line level    source

   1          //-----------------------------------------------------------------------------
   2          // TP5.c
   3          //-----------------------------------------------------------------------------
   4          // AUTH: 
   5          // DATE: 
   6          //
   7          // Target: C8051F02x
   8          // Tool chain: KEIL Microvision 4
   9          //
  10          //-----------------------------------------------------------------------------
  11          #include <C8051F020.h>
  12          #include "c8051F020_SFR16.h"
  13          #include "FF-MS1_Config.h"
  14          #include "FF-MS1_Divers.h"
  15          #include <stdlib.h>
  16          
  17          sbit LED = P1^6;
  18          char xdata buffer[7];
  19          // Prototypes de Fonctions
  20          void Exe(){
  21   1        if (buffer == 'L'){
  22   2          LED = 1;
  23   2        }
  24   1      }
  25          void Bouton() {
  26   1        if (Button == 0){
*** ERROR C202 IN LINE 26 OF FF-MS1.c: 'Button': undefined identifier
  27   2          SPI0DAT = 'L';
  28   2        }
  29   1        
  30   1      }
  31          
  32          //-----------------------------------------------------------------------------
  33          //-----------------------------------------------------------------------------
  34          // MAIN Routine
  35          //-----------------------------------------------------------------------------
  36          void main (void) {
  37   1             
  38   1          Init_Device();  // Appel des configurations globales
  39   1          
  40   1      // Début Insertion Code Configuration des périphériques ***********************
  41   1          EA = 1;
  42   1          LED = 0;
  43   1        
  44   1      // Fin Code Initialisations ***************************************************
  45   1        
  46   1      // Début Insertion Code Phase Démarrage *************************************** 
  47   1            
  48   1            
  49   1      // Fin Code phase Démarrage ***************************************************
  50   1        
  51   1        
  52   1        while(1)
  53   1          {
C51 COMPILER V9.60.0.0   FF_MS1                                                            04/13/2021 15:25:00 PAGE 2   

  54   2            if (SPIF == 1){
  55   3              *buffer = SPI0DAT;
  56   3              SPIF = 0;
  57   3            }   
  58   2          Exe();
  59   2          Bouton();
  60   2        }
  61   1      }   
  62          
  63          //-----------------------------------------------------------------------------
  64          //-----------------------------------------------------------------------------
  65          // Fonctions de configuration des divers périphériques
  66          //-----------------------------------------------------------------------------
  67          // Insérez vos fonctions de configuration ici
  68          
  69          //-----------------------------------------------------------------------------
  70          //-----------------------------------------------------------------------------
  71          // Fonctions d'interruptions
  72          //-----------------------------------------------------------------------------
  73          // Insérez vos fonctions d'interruption ici

C51 COMPILATION COMPLETE.  0 WARNING(S),  1 ERROR(S)
