C51 COMPILER V9.60.0.0   FF_MS1_CONFIG                                                     05/19/2021 10:47:21 PAGE 1   


C51 COMPILER V9.60.0.0, COMPILATION OF MODULE FF_MS1_CONFIG
OBJECT MODULE PLACED IN .\Objects\FF-MS1_Config.obj
COMPILER INVOKED BY: C:\Keil_v5\C51\BIN\C51.EXE FF-MS1_Config.c OPTIMIZE(8,SPEED) BROWSE DEBUG OBJECTEXTEND PRINT(.\List
                    -ings\FF-MS1_Config.lst) TABS(2) OBJECT(.\Objects\FF-MS1_Config.obj)

line level    source

   1          /******************************************************************************
   2          ;   FILE NAME   : TP4_Lib_Config_Globale_8051F020.C
   3          ;   TARGET MCUs : C8051F020, 
   4          ;   DESCRIPTION : Configurations GLOBALES pour le 8051F020
   5          ;
   6          ;   REVISION 1.0
   7          ;   Ce fichier contient les codes de configuration globale du 8051F020
   8          ;     - Configuration de l'horloge système SYSCLK
   9          ;     - Configuration des broches du 80851F020
  10          ;     - Configuration Reset et watchdog
  11          */
  12          //******************************************************************************
  13          
  14          #include "C8051F020.h"
  15          #include "c8051F020_SFR16.h"
  16          
  17          sbit LED = P1^6;
  18          
  19          // Peripheral specific initialization functions,
  20          // Called from the Init_Device() function
  21          
  22          //-----------------------------------------------------------------------------
  23          // Dévalidation du watchdog
  24          //-----------------------------------------------------------------------------
  25          void Reset_Sources_Init()
  26          {
  27   1         WDTCN = 0xDE;
  28   1         WDTCN = 0XAD;
  29   1      // Début Insertion Code configuration Reset  **********************************
  30   1        
  31   1      // Fin Insertion Code configuration Reset et **********************************
  32   1      }
  33          
  34          //-----------------------------------------------------------------------------
  35          // Configuration des Ports d'entrée-sorties
  36          //-----------------------------------------------------------------------------
  37          
  38          void Port_IO_Init()
  39          {
  40   1          // P0.0  -  Unassigned, Open-Drain, Digital
  41   1          // P0.1  -  Unassigned, Open-Drain, Digital
  42   1          // P0.2  -  CHG_FREQ, Open-Drain, Digital
  43   1          // P0.3  -  Unassigned,  Open-Drain, Digital
  44   1          // P0.4  -  Unassigned,  Open-Drain, Digital
  45   1          // P0.5  -  Unassigned,  Open-Drain, Digital
  46   1          // P0.6  -  Unassigned,  Open-Drain, Digital
  47   1          // P0.7  -  Unassigned,  Open-Drain, Digital
  48   1      
  49   1          // P1.0  -  Unassigned,  Open-Drain, Digital
  50   1          // P1.1  -  Unassigned,  Open-Drain, Digital
  51   1          // P1.2  -  Unassigned,  Open-Drain, Digital
  52   1          // P1.3  -  Unassigned,  Open-Drain, Digital
  53   1          // P1.4  -  Unassigned,  Open-Drain, Digital
  54   1          // P1.5  -  Unassigned,  Open-Drain, Digital
C51 COMPILER V9.60.0.0   FF_MS1_CONFIG                                                     05/19/2021 10:47:21 PAGE 2   

  55   1          // P1.6  -  LED       ,  Open-Drain, Digital
  56   1          // P1.7  -  Unassigned,  Open-Drain, Digital
  57   1      
  58   1          // P2.0  -  Unassigned,  Open-Drain, Digital
  59   1          // P2.1  -  Unassigned,  Open-Drain, Digital
  60   1          // P2.2  -  Unassigned,  Open-Drain, Digital
  61   1          // P2.3  -  Unassigned,  Open-Drain, Digital
  62   1          // P2.4  -  Unassigned,  Open-Drain, Digital
  63   1          // P2.5  -  Unassigned,  Open-Drain, Digital
  64   1          // P2.6  -  Unassigned,  Open-Drain, Digital
  65   1          // P2.7  -  Unassigned,  Open-Drain, Digital
  66   1      
  67   1          // P3.0  -  Unassigned,  Open-Drain, Digital
  68   1          // P3.1  -  Unassigned,  Open-Drain, Digital
  69   1          // P3.2  -  FREQ_OUT,    Push-Pull, Digital
  70   1          // P3.3  -  Unassigned,  Open-Drain, Digital
  71   1          // P3.4  -  Unassigned,  Open-Drain, Digital
  72   1          // P3.5  -  Unassigned,  Open-Drain, Digital
  73   1          // P3.6  -  Unassigned,  Open-Drain, Digital Input INT6
  74   1          // P3.7  -  BP        ,  Open-Drain, Digital Input INT7
  75   1          
  76   1          // P4.0 to P7.7   Unassigned,  Open-Drain, Digital
  77   1          
  78   1      // Début Insertion Code configuration Crossbar et GPIO ************************
  79   1      
  80   1          P0MDOUT   |= 0x02; // P0.0,P0.2,P0.3 en Open Drain P0.1 en Push-Pull
  81   1          P1MDOUT = 0x40; //Activation de la LED
  82   1          P0 = 0x5; // P0.0,P0.2,P0.3 en mode entrée : SCK,MOSI,NSS
  83   1          P3 |= 0x80; // P3.7 en mode entrée : Bouton
  84   1          XBR0      = 0x02; //Activation du SPI0
  85   1          XBR2      = 0x40; //Activation du crossbar
  86   1          
  87   1           
  88   1      // Fin Insertion Code configuration Crossbar et GPIO **************************
  89   1      
  90   1      }
  91          
  92          //-----------------------------------------------------------------------------
  93          // Config Interruptions SPI0
  94          //-----------------------------------------------------------------------------
  95          void Config_SPI0()
  96          {
  97   1        SPIEN = 1;
  98   1        EIE1 = 0x01;
  99   1      }
 100          
 101          
 102          //-----------------------------------------------------------------------------
 103          // Config oscillateur - SYSCLK = 22,1184MHz - Oscillateur externe à quartz 
 104          //-----------------------------------------------------------------------------
 105          void Oscillator_Init_Osc_Quartz()
 106          {
 107   1      
 108   1          int i = 0;
 109   1          OSCXCN    = 0x67;  // Config de l'horloge externe - Quartz > 6,7 MHz
 110   1          for (i = 0; i < 3000; i++);  // attente stabilisation Fosc quartz
 111   1          while ((OSCXCN & 0x80) == 0); // validation stabilité du quartz
 112   1          OSCICN    = 0x0C;  // Commutation sur oscillateur externe 
 113   1                             // L'oscillateur n'est pas stopp
 114   1      }
 115          
 116          
C51 COMPILER V9.60.0.0   FF_MS1_CONFIG                                                     05/19/2021 10:47:21 PAGE 3   

 117          //-----------------------------------------------------------------------------
 118          // Initialisation globale du Microcontrôleur - 
 119          //-----------------------------------------------------------------------------
 120          void Init_Device(void)
 121          {
 122   1          Reset_Sources_Init();
 123   1          Port_IO_Init();
 124   1          Oscillator_Init_Osc_Quartz();
 125   1          Config_SPI0();
 126   1      }
 127          
 128          
 129          


MODULE INFORMATION:   STATIC OVERLAYABLE
   CODE SIZE        =     71    ----
   CONSTANT SIZE    =   ----    ----
   XDATA SIZE       =   ----    ----
   PDATA SIZE       =   ----    ----
   DATA SIZE        =   ----    ----
   IDATA SIZE       =   ----    ----
   BIT SIZE         =   ----    ----
END OF MODULE INFORMATION.


C51 COMPILATION COMPLETE.  0 WARNING(S),  0 ERROR(S)
