C51 COMPILER V9.60.0.0   FF_S1_CONFIG                                                      04/06/2021 13:45:55 PAGE 1   


C51 COMPILER V9.60.0.0, COMPILATION OF MODULE FF_S1_CONFIG
OBJECT MODULE PLACED IN .\Objects\FF-S1_Config.obj
COMPILER INVOKED BY: C:\Keil_v5\C51\BIN\C51.EXE FF-S1_Config.c OPTIMIZE(8,SPEED) BROWSE DEBUG OBJECTEXTEND PRINT(.\Listi
                    -ngs\FF-S1_Config.lst) TABS(2) OBJECT(.\Objects\FF-S1_Config.obj)

line level    source

   1          /******************************************************************************
   2          ;   FILE NAME   : TP4_Lib_Config_Globale_8051F020.C
   3          ;   TARGET MCUs : C8051F020, 
   4          ;   DESCRIPTION : Configurations GLOBALES pour le 8051F020
   5          ;
   6          ;   REVISION 1.0
   7          ;   Ce fichier contient les codes de configuration globale du 8051F020
   8          ;     - Configuration de l'horloge système SYSCLK
   9          ;     - Configuration des broches du 80851F020
  10          ;     - Configuration Reset et watchdog
  11          */
  12          //******************************************************************************
  13          
  14          #include "C8051F020.h"
  15          #include "c8051F020_SFR16.h"
  16          
  17          sbit LED = P1^6;
  18          
  19          // Peripheral specific initialization functions,
  20          // Called from the Init_Device() function
  21          
  22          //-----------------------------------------------------------------------------
  23          // Dévalidation du watchdog
  24          //-----------------------------------------------------------------------------
  25          void Reset_Sources_Init()
  26          {
  27   1         WDTCN = 0xDE;
  28   1         WDTCN = 0XAD;
  29   1      // Début Insertion Code configuration Reset  **********************************
  30   1        
  31   1      // Fin Insertion Code configuration Reset et **********************************
  32   1      }
  33          
  34          //-----------------------------------------------------------------------------
  35          // Configuration des Ports d'entrée-sorties
  36          //-----------------------------------------------------------------------------
  37          
  38          void Port_IO_Init()
  39          {
  40   1          // P0.0  -  Unassigned, Open-Drain, Digital
  41   1          // P0.1  -  Unassigned, Open-Drain, Digital
  42   1          // P0.2  -  CHG_FREQ, Open-Drain, Digital
  43   1          // P0.3  -  Unassigned,  Open-Drain, Digital
  44   1          // P0.4  -  Unassigned,  Open-Drain, Digital
  45   1          // P0.5  -  Unassigned,  Open-Drain, Digital
  46   1          // P0.6  -  Unassigned,  Open-Drain, Digital
  47   1          // P0.7  -  Unassigned,  Open-Drain, Digital
  48   1      
  49   1          // P1.0  -  Unassigned,  Open-Drain, Digital
  50   1          // P1.1  -  Unassigned,  Open-Drain, Digital
  51   1          // P1.2  -  Unassigned,  Open-Drain, Digital
  52   1          // P1.3  -  Unassigned,  Open-Drain, Digital
  53   1          // P1.4  -  Unassigned,  Open-Drain, Digital
  54   1          // P1.5  -  Unassigned,  Open-Drain, Digital
C51 COMPILER V9.60.0.0   FF_S1_CONFIG                                                      04/06/2021 13:45:55 PAGE 2   

  55   1          // P1.6  -  LED       ,  Open-Drain, Digital
  56   1          // P1.7  -  Unassigned,  Open-Drain, Digital
  57   1      
  58   1          // P2.0  -  Unassigned,  Open-Drain, Digital
  59   1          // P2.1  -  Unassigned,  Open-Drain, Digital
  60   1          // P2.2  -  Unassigned,  Open-Drain, Digital
  61   1          // P2.3  -  Unassigned,  Open-Drain, Digital
  62   1          // P2.4  -  Unassigned,  Open-Drain, Digital
  63   1          // P2.5  -  Unassigned,  Open-Drain, Digital
  64   1          // P2.6  -  Unassigned,  Open-Drain, Digital
  65   1          // P2.7  -  Unassigned,  Open-Drain, Digital
  66   1      
  67   1          // P3.0  -  Unassigned,  Open-Drain, Digital
  68   1          // P3.1  -  Unassigned,  Open-Drain, Digital
  69   1          // P3.2  -  FREQ_OUT,    Push-Pull, Digital
  70   1          // P3.3  -  Unassigned,  Open-Drain, Digital
  71   1          // P3.4  -  Unassigned,  Open-Drain, Digital
  72   1          // P3.5  -  Unassigned,  Open-Drain, Digital
  73   1          // P3.6  -  Unassigned,  Open-Drain, Digital Input INT6
  74   1          // P3.7  -  BP        ,  Open-Drain, Digital Input INT7
  75   1          
  76   1          // P4.0 to P7.7   Unassigned,  Open-Drain, Digital
  77   1          
  78   1      // Début Insertion Code configuration Crossbar et GPIO ************************
  79   1      //On a P2.2 en entrée / P1.6 et P3.2 en sortie
  80   1          P0MDOUT   |= 0x01; // P0.0 en Push-Pull
  81   1          P0 |= 0x04; // P0.2 en mode entrée : CHG_FREQ
  82   1          P3 |= 0x80; // P3.7 en mode entrée : Bouton
  83   1          P1MDOUT   |= 0x44; // P1.6 et P1.2 en Push-Pull
  84   1          //P2MDOUT |=0x0; Inchangé, on laisse en Open Drain car entrée
  85   1          P3MDOUT   |= 0x04; //P3.2 en Push-Pull, car c'est une sortie
  86   1          XBR0      = 0x04; //Activation de l'UART0
  87   1          XBR2      = 0x40; //Activation du crossbar
  88   1          
  89   1           
  90   1      // Fin Insertion Code configuration Crossbar et GPIO **************************
  91   1      
  92   1      }
  93          //-----------------------------------------------------------------------------
  94          // Config Timer 3 : Générateur de fréquence
  95          //-----------------------------------------------------------------------------
  96          void config_Timer3(void){
  97   1         //EIE2 |= 0x01; //Timer 3 interrupt enabled
  98   1         TMR3RL = 0xD8EF;
  99   1         TMR3CN = 0x04; //Timer 3 est enabled
 100   1      }
 101          
 102          
 103          //-----------------------------------------------------------------------------
 104          // Config Timer 2 : Baud Rate Generator pour l'UART 0
 105          //-----------------------------------------------------------------------------
 106          void initialisation_timer2(void){
 107   1        //Configuration de TCON2
 108   1        RCLK0 = 1;
 109   1        TCLK0 = 1;
 110   1        EXF2 = 0;
 111   1        //Defini le baud rate
 112   1        RCAP2 = 0xFFB8;
 113   1        
 114   1        TR2 = 1;
 115   1      }
 116          
C51 COMPILER V9.60.0.0   FF_S1_CONFIG                                                      04/06/2021 13:45:55 PAGE 3   

 117          //-----------------------------------------------------------------------------
 118          // Config oscillateur - SYSCLK = 22,1184MHz - Oscillateur externe à quartz 
 119          //-----------------------------------------------------------------------------
 120          void Oscillator_Init_Osc_Quartz()
 121          {
 122   1      
 123   1          int i = 0;
 124   1          OSCXCN    = 0x67;  // Config de l'horloge externe - Quartz > 6,7 MHz
 125   1          for (i = 0; i < 3000; i++);  // attente stabilisation Fosc quartz
 126   1          while ((OSCXCN & 0x80) == 0); // validation stabilité du quartz
 127   1          OSCICN    = 0x0C;  // Commutation sur oscillateur externe 
 128   1                             // L'oscillateur n'est pas stopp
 129   1      }
 130          
 131          void config_uart0(){
 132   1        SM10 = 1;
 133   1        REN0 = 1;
 134   1        PCON &= 0x00;
 135   1      }
 136          
 137          //-----------------------------------------------------------------------------
 138          // Initialisation globale du Microcontrôleur - 
 139          //-----------------------------------------------------------------------------
 140          void Init_Device(void)
 141          {
 142   1          Reset_Sources_Init();
 143   1          Port_IO_Init();
 144   1          Oscillator_Init_Osc_Quartz();
 145   1          config_Timer3();
 146   1          initialisation_timer2();
 147   1          config_uart0();
 148   1      }
 149          
 150          
 151          


MODULE INFORMATION:   STATIC OVERLAYABLE
   CODE SIZE        =    107    ----
   CONSTANT SIZE    =   ----    ----
   XDATA SIZE       =   ----    ----
   PDATA SIZE       =   ----    ----
   DATA SIZE        =   ----    ----
   IDATA SIZE       =   ----    ----
   BIT SIZE         =   ----    ----
END OF MODULE INFORMATION.


C51 COMPILATION COMPLETE.  0 WARNING(S),  0 ERROR(S)
